<?xml version="1.0" encoding="UTF-8"?>
<!-- Generated by org.testng.reporters.JUnitXMLReporter -->
<testsuite ignored="0" hostname="MOBASSIR-ERHSHJS" failures="0" tests="2" name="Default test" time="40.462" errors="0" timestamp="2024-10-10T17:43:45 SAST">
  <testcase classname="io.cucumber.testng.AbstractTestNGCucumberTests" name="runScenario" time="31.48"/>
  <testcase classname="io.cucumber.testng.AbstractTestNGCucumberTests" name="runScenario" time="8.098"/>
</testsuite> <!-- Default test -->
