<?xml version="1.0" encoding="UTF-8"?>
<testng-results ignored="0" total="2" passed="2" failed="0" skipped="0">
  <reporter-output>
  </reporter-output>
  <suite started-at="2024-10-10T17:43:05 SAST" name="Default suite" finished-at="2024-10-10T17:43:45 SAST" duration-ms="40462">
    <groups>
      <group name="cucumber">
        <method signature="AbstractTestNGCucumberTests.runScenario(io.cucumber.testng.PickleWrapper,io.cucumber.testng.FeatureWrapper)[pri:0, instance:TestRunner.LoginRunner@6574a52c]" name="runScenario" class="io.cucumber.testng.AbstractTestNGCucumberTests"/>
      </group> <!-- cucumber -->
    </groups>
    <test started-at="2024-10-10T17:43:05 SAST" name="Default test" finished-at="2024-10-10T17:43:45 SAST" duration-ms="40462">
      <class name="TestRunner.LoginRunner">
        <test-method is-config="true" signature="setUpClass(org.testng.ITestContext)[pri:0, instance:TestRunner.LoginRunner@6574a52c]" started-at="2024-10-10T17:43:05 SAST" name="setUpClass" finished-at="2024-10-10T17:43:06 SAST" duration-ms="733" status="PASS">
          <params>
            <param index="0">
              <value>
                <![CDATA[org.testng.TestRunner@7c51782d]]>
              </value>
            </param>
          </params>
          <reporter-output>
          </reporter-output>
        </test-method> <!-- setUpClass -->
        <test-method signature="runScenario(io.cucumber.testng.PickleWrapper,io.cucumber.testng.FeatureWrapper)[pri:0, instance:TestRunner.LoginRunner@6574a52c]" started-at="2024-10-10T17:43:06 SAST" name="runScenario" description="Runs Cucumber Scenarios" data-provider="scenarios" finished-at="2024-10-10T17:43:37 SAST" duration-ms="31480" status="PASS">
          <params>
            <param index="0">
              <value>
                <![CDATA["User Login Test"]]>
              </value>
            </param>
            <param index="1">
              <value>
                <![CDATA["Valid/Invalid User Login into Banking and SignOff"]]>
              </value>
            </param>
          </params>
          <reporter-output>
          </reporter-output>
        </test-method> <!-- runScenario -->
        <test-method signature="runScenario(io.cucumber.testng.PickleWrapper,io.cucumber.testng.FeatureWrapper)[pri:0, instance:TestRunner.LoginRunner@6574a52c]" started-at="2024-10-10T17:43:37 SAST" name="runScenario" description="Runs Cucumber Scenarios" data-provider="scenarios" finished-at="2024-10-10T17:43:45 SAST" duration-ms="8098" status="PASS">
          <params>
            <param index="0">
              <value>
                <![CDATA["User Login Test"]]>
              </value>
            </param>
            <param index="1">
              <value>
                <![CDATA["Valid/Invalid User Login into Banking and SignOff"]]>
              </value>
            </param>
          </params>
          <reporter-output>
          </reporter-output>
        </test-method> <!-- runScenario -->
        <test-method is-config="true" signature="tearDownClass()[pri:0, instance:TestRunner.LoginRunner@6574a52c]" started-at="2024-10-10T17:43:45 SAST" name="tearDownClass" finished-at="2024-10-10T17:43:45 SAST" duration-ms="109" status="PASS">
          <reporter-output>
          </reporter-output>
        </test-method> <!-- tearDownClass -->
      </class> <!-- TestRunner.LoginRunner -->
    </test> <!-- Default test -->
  </suite> <!-- Default suite -->
</testng-results>
